app/build/intermediates/manifest_merge_blame_file/proRelease/manifest-merger-blame-pro-release-report.txt
1<?xml version="1.0" encoding="utf-8"?>
2<manifest xmlns:android="http://schemas.android.com/apk/res/android"
3    package="mako.application.itunesearcher.pro"
4    android:versionCode="1"
5    android:versionName="1.0(pro)" >
6
7    <uses-sdk
8        android:minSdkVersion="23"
8-->src/main/AndroidManifest.xml
9        android:targetSdkVersion="32" />
9-->src/main/AndroidManifest.xml
10
11    <uses-permission android:name="android.permission.INTERNET" />
11-->src/main/AndroidManifest.xml:6:5-67
11-->src/main/AndroidManifest.xml:6:22-64
12    <uses-permission android:name="android.permission.ACCESS_NETWORK_STATE" />
12-->[com.google.firebase:firebase-installations:17.1.3] AndroidManifest.xml:9:5-79
12-->[com.google.firebase:firebase-installations:17.1.3] AndroidManifest.xml:9:22-76
13
14    <application
14-->src/main/AndroidManifest.xml:8:5-33:19
15        android:allowBackup="true"
15-->src/main/AndroidManifest.xml:9:9-35
16        android:appComponentFactory="androidx.core.app.CoreComponentFactory"
16-->[androidx.core:core:1.8.0] AndroidManifest.xml:24:18-86
17        android:dataExtractionRules="@xml/data_extraction_rules"
17-->src/main/AndroidManifest.xml:10:9-65
18        android:extractNativeLibs="false"
19        android:fullBackupContent="@xml/backup_rules"
19-->src/main/AndroidManifest.xml:11:9-54
20        android:icon="@mipmap/ic_launcher"
20-->src/main/AndroidManifest.xml:12:9-43
21        android:label="@string/app_name"
21-->src/main/AndroidManifest.xml:13:9-41
22        android:roundIcon="@mipmap/ic_launcher_round"
22-->src/main/AndroidManifest.xml:14:9-54
23        android:supportsRtl="true"
23-->src/main/AndroidManifest.xml:15:9-35
24        android:theme="@style/Theme.ItuneSearcher" >
24-->src/main/AndroidManifest.xml:16:9-51
25        <activity
25-->src/main/AndroidManifest.xml:18:9-21:70
26            android:name="mako.application.itunesearcher.DetailsPageActivity"
26-->src/main/AndroidManifest.xml:19:13-48
27            android:exported="false"
27-->src/main/AndroidManifest.xml:20:13-37
28            android:theme="@style/Theme.ItuneSearcher.NoActionBar" />
28-->src/main/AndroidManifest.xml:21:13-67
29        <activity
29-->src/main/AndroidManifest.xml:22:9-30:20
30            android:name="mako.application.itunesearcher.SplashActivity"
30-->src/main/AndroidManifest.xml:23:13-43
31            android:exported="true" >
31-->src/main/AndroidManifest.xml:24:13-36
32            <intent-filter>
32-->src/main/AndroidManifest.xml:25:13-29:29
33                <action android:name="android.intent.action.MAIN" />
33-->src/main/AndroidManifest.xml:26:17-69
33-->src/main/AndroidManifest.xml:26:25-66
34
35                <category android:name="android.intent.category.LAUNCHER" />
35-->src/main/AndroidManifest.xml:28:17-77
35-->src/main/AndroidManifest.xml:28:27-74
36            </intent-filter>
37        </activity>
38        <activity android:name="mako.application.itunesearcher.MainActivity" />
38-->src/main/AndroidManifest.xml:31:9-50
38-->src/main/AndroidManifest.xml:31:19-47
39        <activity android:name="mako.application.itunesearcher.favourite.FavouriteActivity" />
39-->src/main/AndroidManifest.xml:32:9-65
39-->src/main/AndroidManifest.xml:32:19-62
40
41        <service
41-->[com.google.firebase:firebase-crashlytics-ktx:18.3.6] AndroidManifest.xml:23:9-29:19
42            android:name="com.google.firebase.components.ComponentDiscoveryService"
42-->[com.google.firebase:firebase-crashlytics-ktx:18.3.6] AndroidManifest.xml:24:13-84
43            android:directBootAware="true"
43-->[com.google.firebase:firebase-common:20.3.2] AndroidManifest.xml:34:13-43
44            android:exported="false" >
44-->[com.google.firebase:firebase-crashlytics-ktx:18.3.6] AndroidManifest.xml:25:13-37
45            <meta-data
45-->[com.google.firebase:firebase-crashlytics-ktx:18.3.6] AndroidManifest.xml:26:13-28:85
46                android:name="com.google.firebase.components:com.google.firebase.crashlytics.ktx.FirebaseCrashlyticsKtxRegistrar"
46-->[com.google.firebase:firebase-crashlytics-ktx:18.3.6] AndroidManifest.xml:27:17-130
47                android:value="com.google.firebase.components.ComponentRegistrar" />
47-->[com.google.firebase:firebase-crashlytics-ktx:18.3.6] AndroidManifest.xml:28:17-82
48            <meta-data
48-->[com.google.firebase:firebase-common-ktx:20.3.2] AndroidManifest.xml:14:13-16:85
49                android:name="com.google.firebase.components:com.google.firebase.ktx.FirebaseCommonKtxRegistrar"
49-->[com.google.firebase:firebase-common-ktx:20.3.2] AndroidManifest.xml:15:17-113
50                android:value="com.google.firebase.components.ComponentRegistrar" />
50-->[com.google.firebase:firebase-common-ktx:20.3.2] AndroidManifest.xml:16:17-82
51            <meta-data
51-->[com.google.firebase:firebase-crashlytics:18.3.6] AndroidManifest.xml:17:13-19:85
52                android:name="com.google.firebase.components:com.google.firebase.crashlytics.CrashlyticsRegistrar"
52-->[com.google.firebase:firebase-crashlytics:18.3.6] AndroidManifest.xml:18:17-115
53                android:value="com.google.firebase.components.ComponentRegistrar" />
53-->[com.google.firebase:firebase-crashlytics:18.3.6] AndroidManifest.xml:19:17-82
54            <meta-data
54-->[com.google.firebase:firebase-installations:17.1.3] AndroidManifest.xml:17:13-19:85
55                android:name="com.google.firebase.components:com.google.firebase.installations.FirebaseInstallationsRegistrar"
55-->[com.google.firebase:firebase-installations:17.1.3] AndroidManifest.xml:18:17-127
56                android:value="com.google.firebase.components.ComponentRegistrar" />
56-->[com.google.firebase:firebase-installations:17.1.3] AndroidManifest.xml:19:17-82
57        </service>
58
59        <uses-library
59-->[androidx.window:window:1.0.0] AndroidManifest.xml:25:9-27:40
60            android:name="androidx.window.extensions"
60-->[androidx.window:window:1.0.0] AndroidManifest.xml:26:13-54
61            android:required="false" />
61-->[androidx.window:window:1.0.0] AndroidManifest.xml:27:13-37
62        <uses-library
62-->[androidx.window:window:1.0.0] AndroidManifest.xml:28:9-30:40
63            android:name="androidx.window.sidecar"
63-->[androidx.window:window:1.0.0] AndroidManifest.xml:29:13-51
64            android:required="false" />
64-->[androidx.window:window:1.0.0] AndroidManifest.xml:30:13-37
65
66        <provider
66-->[com.google.firebase:firebase-common:20.3.2] AndroidManifest.xml:25:9-30:39
67            android:name="com.google.firebase.provider.FirebaseInitProvider"
67-->[com.google.firebase:firebase-common:20.3.2] AndroidManifest.xml:26:13-77
68            android:authorities="mako.application.itunesearcher.pro.firebaseinitprovider"
68-->[com.google.firebase:firebase-common:20.3.2] AndroidManifest.xml:27:13-72
69            android:directBootAware="true"
69-->[com.google.firebase:firebase-common:20.3.2] AndroidManifest.xml:28:13-43
70            android:exported="false"
70-->[com.google.firebase:firebase-common:20.3.2] AndroidManifest.xml:29:13-37
71            android:initOrder="100" />
71-->[com.google.firebase:firebase-common:20.3.2] AndroidManifest.xml:30:13-36
72
73        <meta-data
73-->[com.google.android.gms:play-services-basement:18.1.0] AndroidManifest.xml:21:9-23:69
74            android:name="com.google.android.gms.version"
74-->[com.google.android.gms:play-services-basement:18.1.0] AndroidManifest.xml:22:13-58
75            android:value="@integer/google_play_services_version" />
75-->[com.google.android.gms:play-services-basement:18.1.0] AndroidManifest.xml:23:13-66
76
77        <provider
77-->[com.squareup.picasso:picasso:2.8] AndroidManifest.xml:8:9-11:40
78            android:name="com.squareup.picasso.PicassoProvider"
78-->[com.squareup.picasso:picasso:2.8] AndroidManifest.xml:9:13-64
79            android:authorities="mako.application.itunesearcher.pro.com.squareup.picasso"
79-->[com.squareup.picasso:picasso:2.8] AndroidManifest.xml:10:13-72
80            android:exported="false" />
80-->[com.squareup.picasso:picasso:2.8] AndroidManifest.xml:11:13-37
81
82        <service
82-->[com.google.android.datatransport:transport-backend-cct:3.1.9] AndroidManifest.xml:28:9-34:19
83            android:name="com.google.android.datatransport.runtime.backends.TransportBackendDiscovery"
83-->[com.google.android.datatransport:transport-backend-cct:3.1.9] AndroidManifest.xml:29:13-103
84            android:exported="false" >
84-->[com.google.android.datatransport:transport-backend-cct:3.1.9] AndroidManifest.xml:30:13-37
85            <meta-data
85-->[com.google.android.datatransport:transport-backend-cct:3.1.9] AndroidManifest.xml:31:13-33:39
86                android:name="backend:com.google.android.datatransport.cct.CctBackendFactory"
86-->[com.google.android.datatransport:transport-backend-cct:3.1.9] AndroidManifest.xml:32:17-94
87                android:value="cct" />
87-->[com.google.android.datatransport:transport-backend-cct:3.1.9] AndroidManifest.xml:33:17-36
88        </service>
89        <service
89-->[com.google.android.datatransport:transport-runtime:3.1.9] AndroidManifest.xml:26:9-30:19
90            android:name="com.google.android.datatransport.runtime.scheduling.jobscheduling.JobInfoSchedulerService"
90-->[com.google.android.datatransport:transport-runtime:3.1.9] AndroidManifest.xml:27:13-117
91            android:exported="false"
91-->[com.google.android.datatransport:transport-runtime:3.1.9] AndroidManifest.xml:28:13-37
92            android:permission="android.permission.BIND_JOB_SERVICE" >
92-->[com.google.android.datatransport:transport-runtime:3.1.9] AndroidManifest.xml:29:13-69
93        </service>
94
95        <receiver
95-->[com.google.android.datatransport:transport-runtime:3.1.9] AndroidManifest.xml:32:9-34:40
96            android:name="com.google.android.datatransport.runtime.scheduling.jobscheduling.AlarmManagerSchedulerBroadcastReceiver"
96-->[com.google.android.datatransport:transport-runtime:3.1.9] AndroidManifest.xml:33:13-132
97            android:exported="false" />
97-->[com.google.android.datatransport:transport-runtime:3.1.9] AndroidManifest.xml:34:13-37
98
99        <provider
99-->[androidx.emoji2:emoji2:1.2.0] AndroidManifest.xml:24:9-32:20
100            android:name="androidx.startup.InitializationProvider"
100-->[androidx.emoji2:emoji2:1.2.0] AndroidManifest.xml:25:13-67
101            android:authorities="mako.application.itunesearcher.pro.androidx-startup"
101-->[androidx.emoji2:emoji2:1.2.0] AndroidManifest.xml:26:13-68
102            android:exported="false" >
102-->[androidx.emoji2:emoji2:1.2.0] AndroidManifest.xml:27:13-37
103            <meta-data
103-->[androidx.emoji2:emoji2:1.2.0] AndroidManifest.xml:29:13-31:52
104                android:name="androidx.emoji2.text.EmojiCompatInitializer"
104-->[androidx.emoji2:emoji2:1.2.0] AndroidManifest.xml:30:17-75
105                android:value="androidx.startup" />
105-->[androidx.emoji2:emoji2:1.2.0] AndroidManifest.xml:31:17-49
106            <meta-data
106-->[androidx.lifecycle:lifecycle-process:2.4.1] AndroidManifest.xml:31:13-33:52
107                android:name="androidx.lifecycle.ProcessLifecycleInitializer"
107-->[androidx.lifecycle:lifecycle-process:2.4.1] AndroidManifest.xml:32:17-78
108                android:value="androidx.startup" />
108-->[androidx.lifecycle:lifecycle-process:2.4.1] AndroidManifest.xml:33:17-49
109        </provider>
110    </application>
111
112</manifest>